VirtualBox COM Server 5.2.30 r130462 win.amd64 (Aug 12 2019 20:04:12) release log
00:00:00.006200 main     Log opened 2023-03-24T06:35:51.298002000Z
00:00:00.006200 main     Build Type: release
00:00:00.006200 main     OS Product: Windows 10
00:00:00.006200 main     OS Release: 10.0.22621
00:00:00.006200 main     OS Service Pack: 
00:00:00.037974 main     DMI Product Name: 81X8
00:00:00.051737 main     DMI Product Version: IdeaPad 3 15ITL05
00:00:00.051737 main     Host RAM: 7991MB (7.8GB) total, 2190MB (2.1GB) available
00:00:00.051737 main     Executable: C:\Program Files\ldplayerbox\LdVBoxSVC.exe
00:00:00.051737 main     Process ID: 10700
00:00:00.051737 main     Package type: WINDOWS_64BITS_GENERIC (OSE)
00:00:00.097155          VirtualBox: object creation starts
00:00:00.098764          Home directory: 'C:\Users\Abhishek Bansal\.Ld2VirtualBox'
00:00:00.098764          Installed Drivers:
00:00:00.111439          USBLibInit: USB Service not found
00:00:00.211005          netIfGetBoundAdapters: could not find either 'oracle_VBoxNetLwf' or 'sun_VBoxNetFlt' components (0x1)
00:00:00.219239          HostDnsMonitor::updateInfo
00:00:00.220239          HostDnsMonitor: old information
00:00:00.220239            no server entries
00:00:00.220239            no domain set
00:00:00.220239            no search string entries
00:00:00.220239          HostDnsMonitor: new information
00:00:00.220239            server 1: 192.168.118.251
00:00:00.220239            no domain set
00:00:00.220239            no search string entries
00:00:00.221308          VD: VDInit finished with VINF_SUCCESS
00:00:00.222323          ERROR [COM]: aRC=E_FAIL (0x80004005) aIID={20190809-495e-5a36-8890-29999b5f030c} aComponent={SystemPropertiesWrap} aText={Cannot determine default Guest Additions ISO location. Most likely they are not available}, preserve=false aResultDetail=0
00:00:00.224423          VirtualBox: object created
00:00:00.233400          ERROR [COM]: aRC=VBOX_E_OBJECT_NOT_FOUND (0x80bb0001) aIID={20190809-f1a1-448a-10c5-e12f5285adad} aComponent={VirtualBoxWrap} aText={Could not find a registered machine with UUID {20160302-aaaa-aaaa-2b9a-000000000000}}, preserve=false aResultDetail=0
00:00:00.268063          Loading settings file "C:\ProgramData\FunPlus\koa_global\engine\1.0.1\vms\leidian0\leidian.vbox" with version "1.15-windows"
00:00:00.271185          Saving settings file "C:\Users\Abhishek Bansal\.Ld2VirtualBox\VirtualBox.xml" with version "1.12-windows"
00:00:00.275546          ERROR [COM]: aRC=VBOX_E_OBJECT_NOT_FOUND (0x80bb0001) aIID={20190809-a71f-4289-281e-0ca7ad48cd89} aComponent={SessionMachine} aText={Could not find a shared folder named 'Applications'}, preserve=false aResultDetail=0
00:00:00.276799          ERROR [COM]: aRC=VBOX_E_OBJECT_NOT_FOUND (0x80bb0001) aIID={20190809-a71f-4289-281e-0ca7ad48cd89} aComponent={SessionMachine} aText={Could not find a shared folder named 'Bug'}, preserve=false aResultDetail=0
00:00:00.276799          ERROR [COM]: aRC=VBOX_E_OBJECT_NOT_FOUND (0x80bb0001) aIID={20190809-a71f-4289-281e-0ca7ad48cd89} aComponent={SessionMachine} aText={Could not find a shared folder named 'Misc'}, preserve=false aResultDetail=0
00:00:00.276799          ERROR [COM]: aRC=VBOX_E_OBJECT_NOT_FOUND (0x80bb0001) aIID={20190809-a71f-4289-281e-0ca7ad48cd89} aComponent={SessionMachine} aText={Could not find a shared folder named 'Pictures'}, preserve=false aResultDetail=0
00:00:00.289222          netIfGetBoundAdapters: could not find either 'oracle_VBoxNetLwf' or 'sun_VBoxNetFlt' components (0x1)
00:00:00.294034          ERROR [COM]: aRC=E_INVALIDARG (0x80070057) aIID={20190809-44cb-e334-66fa-469a17fd09df} aComponent={NATEngineWrap} aText={A NAT rule for this host port and this host IP already exists}, preserve=false aResultDetail=0
00:00:00.295034          ERROR [COM]: aRC=VBOX_E_OBJECT_NOT_FOUND (0x80bb0001) aIID={20190809-a71f-4289-281e-0ca7ad48cd89} aComponent={SessionMachine} aText={No storage device attached to device slot 0 on port 2 of controller 'SATA'}, preserve=false aResultDetail=0
00:00:00.325272          ERROR [COM]: aRC=E_INVALIDARG (0x80070057) aIID={20190809-44cb-e334-66fa-469a17fd09df} aComponent={NATEngineWrap} aText={A NAT rule for this host port and this host IP already exists}, preserve=false aResultDetail=0
00:00:00.326278          Saving settings file "C:\ProgramData\FunPlus\koa_global\engine\1.0.1\vms\leidian0\leidian.vbox" with version "1.16-windows"
00:00:00.568915          WARNING [COM]: aRC=E_FAIL (0x80004005) aIID={20190809-4477-787d-60b2-3fa70e56fbbc} aComponent={HostWrap} aText={Could not load the Host USB Proxy Service (VERR_FILE_NOT_FOUND). The service might not be installed on the host computer}, preserve=true  aResultDetail=0
00:49:04.914311 dns-monitor HostDnsMonitor::updateInfo
00:49:04.914311 dns-monitor HostDnsMonitor: old information
00:49:04.914311 dns-monitor   server 1: 192.168.118.251
00:49:04.914311 dns-monitor   no domain set
00:49:04.914311 dns-monitor   no search string entries
00:49:04.914311 dns-monitor HostDnsMonitor: new information
00:49:04.914311 dns-monitor   server 1: 192.168.2.207
00:49:04.914311 dns-monitor   no domain set
00:49:04.914311 dns-monitor   no search string entries
01:28:43.526689          Saving settings file "C:\ProgramData\FunPlus\koa_global\engine\1.0.1\vms\leidian0\leidian.vbox" with version "1.16-windows"
01:28:48.739199 main     VirtualBox: object deletion starts
01:28:48.740198 main     ERROR [COM]: aRC=VBOX_E_OBJECT_IN_USE (0x80bb000c) aIID={20190809-43e0-e9d0-82e8-ceb307940dda} aComponent={MediumWrap} aText={Medium 'C:\ProgramData\FunPlus\koa_global\engine\1.0.1\vms\leidian0\system.vmdk' cannot be closed because it is still attached to 1 virtual machines}, preserve=false aResultDetail=0
01:28:48.740198 main     ERROR [COM]: aRC=VBOX_E_OBJECT_IN_USE (0x80bb000c) aIID={20190809-43e0-e9d0-82e8-ceb307940dda} aComponent={MediumWrap} aText={Medium 'C:\ProgramData\FunPlus\koa_global\engine\1.0.1\vms\leidian0\data.vmdk' cannot be closed because it is still attached to 1 virtual machines}, preserve=false aResultDetail=0
01:28:48.740198 main     ERROR [COM]: aRC=VBOX_E_OBJECT_IN_USE (0x80bb000c) aIID={20190809-43e0-e9d0-82e8-ceb307940dda} aComponent={MediumWrap} aText={Medium 'C:\ProgramData\FunPlus\koa_global\engine\1.0.1\vms\leidian0\sdcard.vmdk' cannot be closed because it is still attached to 1 virtual machines}, preserve=false aResultDetail=0
01:28:48.742589 Watcher  ERROR [COM]: aRC=E_ACCESSDENIED (0x80070005) aIID={20190809-f1a1-448a-10c5-e12f5285adad} aComponent={VirtualBoxWrap} aText={The object is not ready}, preserve=false aResultDetail=0
01:28:48.742589 main     VirtualBox: object deleted
